<?xml version="1.0" encoding="UTF-8"?>
<!-- Generated by org.testng.reporters.JUnitXMLReporter -->
<testsuite hostname="OLW0136334" ignored="0" name="Verify Correct Premium" tests="4" failures="0" timestamp="2021-01-05T13:32:18 CAT" time="27.781" errors="0">
  <testcase name="Tests1" time="2.339" classname="Web_Tests.Online_Banking_Tests"/>
  <testcase name="Tests2" time="1.096" classname="Web_Tests.Online_Banking_Tests"/>
  <testcase name="Tests3" time="13.216" classname="Web_Tests.Online_Banking_Tests"/>
  <testcase name="Test4" time="11.097" classname="Web_Tests.Online_Banking_Tests"/>
</testsuite> <!-- Verify Correct Premium -->
